<testsuites id="" name="" tests="6" failures="0" skipped="0" errors="0" time="72.612">
<testsuite name="src/test.spec.ts" timestamp="1614206124439" hostname="" tests="6" failures="0" skipped="0" time="72.339" errors="0">
<testcase name="Language Test,  EN/FR" classname="src/test.spec.ts Language Test, " time="8.022">
</testcase>
<system-out>
Français

</system-out>
<system-out>
Welcome!

</system-out>
<system-out>
English

</system-out>
<system-out>
Bienvenue!

</system-out>
<testcase name="Test Wizard: Client Side,  Client Methods: Post One" classname="src/test.spec.ts Test Wizard: Client Side, " time="16.193">
</testcase>
<testcase name="Test Wizard: Client Side,  Client Methods: Get One" classname="src/test.spec.ts Test Wizard: Client Side, " time="14.106">
</testcase>
<testcase name="Test Wizard: Client Side,  Client Methods: Update One" classname="src/test.spec.ts Test Wizard: Client Side, " time="17.334">
</testcase>
<testcase name="Test Wizard: Client Side,  Client Methods: Delete One" classname="src/test.spec.ts Test Wizard: Client Side, " time="9.056">
</testcase>
<testcase name="Test Wizard: Client Side,  Client Methods: Not Found Alert" classname="src/test.spec.ts Test Wizard: Client Side, " time="7.628">
</testcase>
<system-out>
Dialog message: Invalid fields or employee not found.

</system-out>
</testsuite>
</testsuites>