<testsuites id="" name="" tests="6" failures="0" skipped="0" errors="0" time="27.662">
<testsuite name="src/test.spec.ts" timestamp="1614273181083" hostname="" tests="6" failures="0" skipped="0" time="27.377" errors="0">
<testcase name="Language Test,  EN/FR" classname="src/test.spec.ts Language Test, " time="3.076">
</testcase>
<system-out>
Français

</system-out>
<system-out>
Welcome!

</system-out>
<system-out>
English

</system-out>
<system-out>
Bienvenue!

</system-out>
<testcase name="Test Wizard: Client Side,  Client Methods: Post One" classname="src/test.spec.ts Test Wizard: Client Side, " time="4.713">
</testcase>
<testcase name="Test Wizard: Client Side,  Client Methods: Get One" classname="src/test.spec.ts Test Wizard: Client Side, " time="4.456">
</testcase>
<testcase name="Test Wizard: Client Side,  Client Methods: Update One" classname="src/test.spec.ts Test Wizard: Client Side, " time="6.301">
</testcase>
<testcase name="Test Wizard: Client Side,  Client Methods: Delete One" classname="src/test.spec.ts Test Wizard: Client Side, " time="6.958">
</testcase>
<testcase name="Test Wizard: Client Side,  Client Methods: Not Found Alert" classname="src/test.spec.ts Test Wizard: Client Side, " time="1.873">
</testcase>
</testsuite>
</testsuites>